Построение начато 09.11.2016 18:51:32.
     1>Проект "D:\1-й курс\ОСНОВЫ АЛГОРИТМИЗАЦИИ И ПРОГРАММИРОВАНИЯ\c++ 2-й семестр\лаба6. Списки\ConsoleApplication1\ConsoleApplication1\ConsoleApplication1.vcxproj" в узле 2 (целевые объекты Build).
     1>ClCompile:
         C:\Program Files (x86)\Microsoft Visual Studio 11.0\VC\bin\CL.exe /c /ZI /nologo /W3 /WX- /Od /Oy- /D WIN32 /D _DEBUG /D _CONSOLE /D _UNICODE /D UNICODE /Gm /EHsc /RTC1 /MDd /GS /fp:precise /Zc:wchar_t /Zc:forScope /Fo"Debug\\" /Fd"Debug\vc110.pdb" /Gd /TP /analyze- /errorReport:prompt "Исходный код.cpp"
         Исходный код.cpp
     1>d:\1-й курс\основы алгоритмизации и программирования\c++ 2-й семестр\лаба6. списки\consoleapplication1\consoleapplication1\исходный код.cpp(24): warning C4996: 'gets': This function or variable may be unsafe. Consider using gets_s instead. To disable deprecation, use _CRT_SECURE_NO_WARNINGS. See online help for details.
                 c:\program files (x86)\microsoft visual studio 11.0\vc\include\stdio.h(261): см. объявление "gets"
     1>d:\1-й курс\основы алгоритмизации и программирования\c++ 2-й семестр\лаба6. списки\consoleapplication1\consoleapplication1\исходный код.cpp(72): warning C4018: >: несоответствие типов со знаком и без знака
     1>d:\1-й курс\основы алгоритмизации и программирования\c++ 2-й семестр\лаба6. списки\consoleapplication1\consoleapplication1\исходный код.cpp(74): warning C4018: >: несоответствие типов со знаком и без знака
     1>d:\1-й курс\основы алгоритмизации и программирования\c++ 2-й семестр\лаба6. списки\consoleapplication1\consoleapplication1\исходный код.cpp(75): warning C4996: 'strcpy': This function or variable may be unsafe. Consider using strcpy_s instead. To disable deprecation, use _CRT_SECURE_NO_WARNINGS. See online help for details.
                 c:\program files (x86)\microsoft visual studio 11.0\vc\include\string.h(110): см. объявление "strcpy"
     1>d:\1-й курс\основы алгоритмизации и программирования\c++ 2-й семестр\лаба6. списки\consoleapplication1\consoleapplication1\исходный код.cpp(79): warning C4101: i: неиспользованная локальная переменная
     1>d:\1-й курс\основы алгоритмизации и программирования\c++ 2-й семестр\лаба6. списки\consoleapplication1\consoleapplication1\исходный код.cpp(98): warning C4101: street: неиспользованная локальная переменная
     1>d:\1-й курс\основы алгоритмизации и программирования\c++ 2-й семестр\лаба6. списки\consoleapplication1\consoleapplication1\исходный код.cpp(98): warning C4101: name: неиспользованная локальная переменная
     1>d:\1-й курс\основы алгоритмизации и программирования\c++ 2-й семестр\лаба6. списки\consoleapplication1\consoleapplication1\исходный код.cpp(98): warning C4101: city: неиспользованная локальная переменная
     1>d:\1-й курс\основы алгоритмизации и программирования\c++ 2-й семестр\лаба6. списки\consoleapplication1\consoleapplication1\исходный код.cpp(125): warning C4996: 'gets': This function or variable may be unsafe. Consider using gets_s instead. To disable deprecation, use _CRT_SECURE_NO_WARNINGS. See online help for details.
                 c:\program files (x86)\microsoft visual studio 11.0\vc\include\stdio.h(261): см. объявление "gets"
       Link:
         C:\Program Files (x86)\Microsoft Visual Studio 11.0\VC\bin\link.exe /ERRORREPORT:PROMPT /OUT:"D:\1-й курс\ОСНОВЫ АЛГОРИТМИЗАЦИИ И ПРОГРАММИРОВАНИЯ\c++ 2-й семестр\лаба6. Списки\ConsoleApplication1\Debug\ConsoleApplication1.exe" /INCREMENTAL /NOLOGO kernel32.lib user32.lib gdi32.lib winspool.lib comdlg32.lib advapi32.lib shell32.lib ole32.lib oleaut32.lib uuid.lib odbc32.lib odbccp32.lib /MANIFEST /MANIFESTUAC:"level='asInvoker' uiAccess='false'" /manifest:embed /DEBUG /PDB:"D:\1-й курс\ОСНОВЫ АЛГОРИТМИЗАЦИИ И ПРОГРАММИРОВАНИЯ\c++ 2-й семестр\лаба6. Списки\ConsoleApplication1\Debug\ConsoleApplication1.pdb" /SUBSYSTEM:CONSOLE /TLBID:1 /DYNAMICBASE /NXCOMPAT /IMPLIB:"D:\1-й курс\ОСНОВЫ АЛГОРИТМИЗАЦИИ И ПРОГРАММИРОВАНИЯ\c++ 2-й семестр\лаба6. Списки\ConsoleApplication1\Debug\ConsoleApplication1.lib" /MACHINE:X86 "Debug\Исходный код.obj"
         ConsoleApplication1.vcxproj -> D:\1-й курс\ОСНОВЫ АЛГОРИТМИЗАЦИИ И ПРОГРАММИРОВАНИЯ\c++ 2-й семестр\лаба6. Списки\ConsoleApplication1\Debug\ConsoleApplication1.exe
     1>Построение проекта "D:\1-й курс\ОСНОВЫ АЛГОРИТМИЗАЦИИ И ПРОГРАММИРОВАНИЯ\c++ 2-й семестр\лаба6. Списки\ConsoleApplication1\ConsoleApplication1\ConsoleApplication1.vcxproj" завершено (целевые объекты Build).

Построение успешно завершено.

Затраченное время: 00:00:04.70
